# JRE version: Java(TM) SE Runtime Environment (8.0_51-b16) (build 1.8.0_51-b16)
# Java VM: Java HotSpot(TM) 64-Bit Server VM (25.51-b03 mixed mode linux-amd64 compressed oops)
Heap:
 PSYoungGen      total 122368K, used 13035K [0x00000000f5580000, 0x00000000fcf00000, 0x0000000100000000)
  eden space 121344K, 10% used [0x00000000f5580000,0x00000000f623ae30,0x00000000fcc00000)
  from space 1024K, 0% used [0x00000000fcc00000,0x00000000fcc00000,0x00000000fcd00000)
  to   space 1536K, 0% used [0x00000000fcd80000,0x00000000fcd80000,0x00000000fcf00000)
 ParOldGen       total 64000K, used 59986K [0x00000000e0000000, 0x00000000e3e80000, 0x00000000f5580000)
  object space 64000K, 93% used [0x00000000e0000000,0x00000000e3a949b0,0x00000000e3e80000)
 Metaspace       used 91634K, capacity 96258K, committed 96600K, reserved 1134592K
  class space    used 9815K, capacity 11049K, committed 11136K, reserved 1048576K
GC Heap History (10 events):
Event: 8564.550 GC heap before
{Heap before GC invocations=299 (full 142):
 PSYoungGen      total 122368K, used 32K [0x00000000f5580000, 0x00000000fce00000, 0x0000000100000000)
  eden space 121344K, 0% used [0x00000000f5580000,0x00000000f5580000,0x00000000fcc00000)
  from space 1024K, 3% used [0x00000000fcc00000,0x00000000fcc08000,0x00000000fcd00000)
  to   space 1024K, 0% used [0x00000000fcd00000,0x00000000fcd00000,0x00000000fce00000)
 ParOldGen       total 64000K, used 59496K [0x00000000e0000000, 0x00000000e3e80000, 0x00000000f5580000)
  object space 64000K, 92% used [0x00000000e0000000,0x00000000e3a1a298,0x00000000e3e80000)
 Metaspace       used 91572K, capacity 96252K, committed 96600K, reserved 1134592K
  class space    used 9814K, capacity 11048K, committed 11136K, reserved 1048576K
Event: 8564.692 GC heap after
Heap after GC invocations=299 (full 142):
 PSYoungGen      total 122368K, used 0K [0x00000000f5580000, 0x00000000fce00000, 0x0000000100000000)
  eden space 121344K, 0% used [0x00000000f5580000,0x00000000f5580000,0x00000000fcc00000)
  from space 1024K, 0% used [0x00000000fcc00000,0x00000000fcc00000,0x00000000fcd00000)
  to   space 1024K, 0% used [0x00000000fcd00000,0x00000000fcd00000,0x00000000fce00000)
 ParOldGen       total 64000K, used 59458K [0x00000000e0000000, 0x00000000e3e80000, 0x00000000f5580000)
  object space 64000K, 92% used [0x00000000e0000000,0x00000000e3a10990,0x00000000e3e80000)
 Metaspace       used 91572K, capacity 96252K, committed 96600K, reserved 1134592K
  class space    used 9814K, capacity 11048K, committed 11136K, reserved 1048576K
}
Event: 8624.547 GC heap before
{Heap before GC invocations=300 (full 142):
 PSYoungGen      total 122368K, used 1843K [0x00000000f5580000, 0x00000000fce00000, 0x0000000100000000)
  eden space 121344K, 1% used [0x00000000f5580000,0x00000000f574cd08,0x00000000fcc00000)
  from space 1024K, 0% used [0x00000000fcc00000,0x00000000fcc00000,0x00000000fcd00000)
  to   space 1024K, 0% used [0x00000000fcd00000,0x00000000fcd00000,0x00000000fce00000)
 ParOldGen       total 64000K, used 59458K [0x00000000e0000000, 0x00000000e3e80000, 0x00000000f5580000)
  object space 64000K, 92% used [0x00000000e0000000,0x00000000e3a10990,0x00000000e3e80000)
 Metaspace       used 91572K, capacity 96252K, committed 96600K, reserved 1134592K
  class space    used 9814K, capacity 11048K, committed 11136K, reserved 1048576K
Event: 8624.552 GC heap after
Heap after GC invocations=300 (full 142):
 PSYoungGen      total 122368K, used 64K [0x00000000f5580000, 0x00000000fce00000, 0x0000000100000000)
  eden space 121344K, 0% used [0x00000000f5580000,0x00000000f5580000,0x00000000fcc00000)
  from space 1024K, 6% used [0x00000000fcd00000,0x00000000fcd10000,0x00000000fce00000)
  to   space 1024K, 0% used [0x00000000fcc00000,0x00000000fcc00000,0x00000000fcd00000)
 ParOldGen       total 64000K, used 59458K [0x00000000e0000000, 0x00000000e3e80000, 0x00000000f5580000)
  object space 64000K, 92% used [0x00000000e0000000,0x00000000e3a10990,0x00000000e3e80000)
 Metaspace       used 91572K, capacity 96252K, committed 96600K, reserved 1134592K
  class space    used 9814K, capacity 11048K, committed 11136K, reserved 1048576K
}
Event: 8624.552 GC heap before
{Heap before GC invocations=301 (full 143):
 PSYoungGen      total 122368K, used 64K [0x00000000f5580000, 0x00000000fce00000, 0x0000000100000000)
  eden space 121344K, 0% used [0x00000000f5580000,0x00000000f5580000,0x00000000fcc00000)
  from space 1024K, 6% used [0x00000000fcd00000,0x00000000fcd10000,0x00000000fce00000)
  to   space 1024K, 0% used [0x00000000fcc00000,0x00000000fcc00000,0x00000000fcd00000)
 ParOldGen       total 64000K, used 59458K [0x00000000e0000000, 0x00000000e3e80000, 0x00000000f5580000)
  object space 64000K, 92% used [0x00000000e0000000,0x00000000e3a10990,0x00000000e3e80000)
 Metaspace       used 91572K, capacity 96252K, committed 96600K, reserved 1134592K
  class space    used 9814K, capacity 11048K, committed 11136K, reserved 1048576K
Event: 8624.720 GC heap after
Heap after GC invocations=301 (full 143):
 PSYoungGen      total 122368K, used 0K [0x00000000f5580000, 0x00000000fce00000, 0x0000000100000000)
  eden space 121344K, 0% used [0x00000000f5580000,0x00000000f5580000,0x00000000fcc00000)
  from space 1024K, 0% used [0x00000000fcd00000,0x00000000fcd00000,0x00000000fce00000)
  to   space 1024K, 0% used [0x00000000fcc00000,0x00000000fcc00000,0x00000000fcd00000)
 ParOldGen       total 64000K, used 59458K [0x00000000e0000000, 0x00000000e3e80000, 0x00000000f5580000)
  object space 64000K, 92% used [0x00000000e0000000,0x00000000e3a10990,0x00000000e3e80000)
 Metaspace       used 91572K, capacity 96252K, committed 96600K, reserved 1134592K
  class space    used 9814K, capacity 11048K, committed 11136K, reserved 1048576K
}
Event: 8703.451 GC heap before
{Heap before GC invocations=302 (full 143):
 PSYoungGen      total 122368K, used 26172K [0x00000000f5580000, 0x00000000fce00000, 0x0000000100000000)
  eden space 121344K, 21% used [0x00000000f5580000,0x00000000f6f0f128,0x00000000fcc00000)
  from space 1024K, 0% used [0x00000000fcd00000,0x00000000fcd00000,0x00000000fce00000)
  to   space 1024K, 0% used [0x00000000fcc00000,0x00000000fcc00000,0x00000000fcd00000)
 ParOldGen       total 64000K, used 59458K [0x00000000e0000000, 0x00000000e3e80000, 0x00000000f5580000)
  object space 64000K, 92% used [0x00000000e0000000,0x00000000e3a10990,0x00000000e3e80000)
 Metaspace       used 91625K, capacity 96258K, committed 96600K, reserved 1134592K
  class space    used 9815K, capacity 11049K, committed 11136K, reserved 1048576K
Event: 8703.458 GC heap after
Heap after GC invocations=302 (full 143):
 PSYoungGen      total 122368K, used 995K [0x00000000f5580000, 0x00000000fcf00000, 0x0000000100000000)
  eden space 121344K, 0% used [0x00000000f5580000,0x00000000f5580000,0x00000000fcc00000)
  from space 1024K, 97% used [0x00000000fcc00000,0x00000000fccf8dc0,0x00000000fcd00000)
  to   space 1536K, 0% used [0x00000000fcd80000,0x00000000fcd80000,0x00000000fcf00000)
 ParOldGen       total 64000K, used 60338K [0x00000000e0000000, 0x00000000e3e80000, 0x00000000f5580000)
  object space 64000K, 94% used [0x00000000e0000000,0x00000000e3aec9a0,0x00000000e3e80000)
 Metaspace       used 91625K, capacity 96258K, committed 96600K, reserved 1134592K
  class space    used 9815K, capacity 11049K, committed 11136K, reserved 1048576K
}
Event: 8703.458 GC heap before
{Heap before GC invocations=303 (full 144):
 PSYoungGen      total 122368K, used 995K [0x00000000f5580000, 0x00000000fcf00000, 0x0000000100000000)
  eden space 121344K, 0% used [0x00000000f5580000,0x00000000f5580000,0x00000000fcc00000)
  from space 1024K, 97% used [0x00000000fcc00000,0x00000000fccf8dc0,0x00000000fcd00000)
  to   space 1536K, 0% used [0x00000000fcd80000,0x00000000fcd80000,0x00000000fcf00000)
 ParOldGen       total 64000K, used 60338K [0x00000000e0000000, 0x00000000e3e80000, 0x00000000f5580000)
  object space 64000K, 94% used [0x00000000e0000000,0x00000000e3aec9a0,0x00000000e3e80000)
 Metaspace       used 91625K, capacity 96258K, committed 96600K, reserved 1134592K
  class space    used 9815K, capacity 11049K, committed 11136K, reserved 1048576K
Event: 8703.653 GC heap after
Heap after GC invocations=303 (full 144):
 PSYoungGen      total 122368K, used 0K [0x00000000f5580000, 0x00000000fcf00000, 0x0000000100000000)
  eden space 121344K, 0% used [0x00000000f5580000,0x00000000f5580000,0x00000000fcc00000)
  from space 1024K, 0% used [0x00000000fcc00000,0x00000000fcc00000,0x00000000fcd00000)
  to   space 1536K, 0% used [0x00000000fcd80000,0x00000000fcd80000,0x00000000fcf00000)
 ParOldGen       total 64000K, used 59986K [0x00000000e0000000, 0x00000000e3e80000, 0x00000000f5580000)
  object space 64000K, 93% used [0x00000000e0000000,0x00000000e3a949b0,0x00000000e3e80000)
 Metaspace       used 91625K, capacity 96258K, committed 96600K, reserved 1134592K
  class space    used 9815K, capacity 11049K, committed 11136K, reserved 1048576K
}

